################################################################################
#
# This file has been generated by SpyGlass:
#     Report Created by: joeychen
#     Report Created on: Wed Jun 17 18:46:59 2026
#     Working Directory: /proj_risc/user_dev/joeychen/projects/tt-dfd
#     Report Location  : lint/tt_dfd/dfd_top/lint/lint_rtl/spyglass_reports/SpyGlass/checksum.rpt
#     SpyGlass Version : SpyGlass_vU-2023.03-SP1-1
#     Policy Name      : SpyGlass(SpyGlass_vU-2023.03-SP1-01)
#     Comment          : This report contains md5sum of design file(s)
#
################################################################################

=====================================================================================
                         MD5SUM CHECKSUM OF DESIGN FILES 
=====================================================================================
MD5SUM CHECKSUM                   SOURCE              PATH OF DESIGN FILE       
-------------------------------------------------------------------------------------
5bd952ae1c8b6acab9bc07bc1e63dab2  1      /proj_risc/user_dev/joeychen/projects/tt-dfd/deps/common_cells/src/fifo_v3.sv  
858b30388e48e631749956a8a58932c6  1      /proj_risc/user_dev/joeychen/projects/tt-dfd/deps/common_cells/src/rr_arb_tree.sv  
1225acf77dbffb9718ae2715c7f721dc  1      /proj_risc/user_dev/joeychen/projects/tt-dfd/deps/common_cells/src/spill_register_flushable.sv  
cdcb7bc89efd427bca93420738690701  1      /proj_risc/user_dev/joeychen/projects/tt-dfd/deps/common_cells/src/lzc.sv  
5dab5eb5261b9182560b4e6801ac15ee  1      /proj_risc/user_dev/joeychen/projects/tt-dfd/deps/common_cells/src/spill_register.sv  
856d8d8af848c743e59615b4a452a4d6  1      /proj_risc/user_dev/joeychen/projects/tt-dfd/deps/axi/src/axi_id_prepend.sv  
7560a4aaea8b682ab6779159a65c5f6a  1      /proj_risc/user_dev/joeychen/projects/tt-dfd/deps/axi/src/axi_mux.sv  
993cdf9b58a969fe5caed8dfb8b80c51  1      /proj_risc/user_dev/joeychen/projects/tt-dfd/rtl/common/tt_dfd_generic_clkgate.sv  
7e88055f7f91751aa328c4bcf7821a43  1      /proj_risc/user_dev/joeychen/projects/tt-dfd/rtl/common/tt_dfd_generic_ccg.sv  
1ea399e2551ddfc023d04400ec546047  1      /proj_risc/user_dev/joeychen/projects/tt-dfd/rtl/common/tt_dfd_generic_dff.sv  
d3fb054b17de354743a3a0db21de9c4a  1      /proj_risc/user_dev/joeychen/projects/tt-dfd/rtl/common/tt_dfd_generic_dff_clr.sv  
a54db358287cc42742e40a2aff6901dc  1      /proj_risc/user_dev/joeychen/projects/tt-dfd/rtl/common/tt_dfd_generic_vidtopid.sv  
c4be476b33fe6d7b7b0ced6548ab620f  1      /proj_risc/user_dev/joeychen/projects/tt-dfd/rtl/common/tt_dfd_generic_ffs_fast.sv  
bcfc314fb4233231a9324e1e7b8afed8  1      /proj_risc/user_dev/joeychen/projects/tt-dfd/rtl/common/tt_dfd_generic_ffs_N.sv  
bfa57d7893fed4642f918af026147f7a  1      /proj_risc/user_dev/joeychen/projects/tt-dfd/rtl/common/tt_dfd_generic_mem_model.sv  
edfe9f18684def6bad7bdfa549f68f26  1      /proj_risc/user_dev/joeychen/projects/tt-dfd/rtl/common/tt_dfd_generic_decoded_mux.sv  
5784ee69d81ddc27add26ef640c4e59d  1      /proj_risc/user_dev/joeychen/projects/tt-dfd/rtl/common/tt_dfd_generic_onehot_detect.sv  
119562f1ea5b634eb76eb9388cff60f6  1      /proj_risc/user_dev/joeychen/projects/tt-dfd/rtl/common/tt_dfd_generic_fifoMN.sv  
9ac766343240f094b7c25b6201791e2f  1      /proj_risc/user_dev/joeychen/projects/tt-dfd/rtl/common/tt_dfd_generic_dff_staging.sv  
1a831e0ee203ae8f196e62fe589f847a  1      /proj_risc/user_dev/joeychen/projects/tt-dfd/rtl/mmr/dfd_mcr_csr.sv  
a8447d2182a4fe6372f891dda53416d0  1      /proj_risc/user_dev/joeychen/projects/tt-dfd/rtl/mmr/dfd_dst_csr.sv  
748a48255bcf9cdc89583723652fb227  1      /proj_risc/user_dev/joeychen/projects/tt-dfd/rtl/mmr/dfd_ntr_csr.sv  
7160d598d0470fb627bab5a1841381f6  1      /proj_risc/user_dev/joeychen/projects/tt-dfd/rtl/mmr/dfd_cla_csr.sv  
340747209728c55389bbbc25b53763b1  1      /proj_risc/user_dev/joeychen/projects/tt-dfd/rtl/mmr/dfd_tr_csr.sv  
b809a27d1176306749966723da1ee6da  1      /proj_risc/user_dev/joeychen/projects/tt-dfd/rtl/cla/dfd_cla_action_gen.sv  
9b0fc2de7933ab02bde71237f2887fe5  1      /proj_risc/user_dev/joeychen/projects/tt-dfd/rtl/cla/dfd_cla_counter.sv  
6c8b3bc76536c154b8805e21d1d0daa3  1      /proj_risc/user_dev/joeychen/projects/tt-dfd/rtl/cla/dfd_debug_signal_shift_mux.sv  
255ac21ff3edeef4f7d5e235d215a0e4  1      /proj_risc/user_dev/joeychen/projects/tt-dfd/rtl/cla/dfd_xtrigger_stretch_circuit.sv  
c76914cf0ddfe0fdf9a81356a1e2894b  1      /proj_risc/user_dev/joeychen/projects/tt-dfd/rtl/cla/dfd_cla_debug_signals_change.sv  
f83c41b9ebc65416de4e0569f443dc1d  1      /proj_risc/user_dev/joeychen/projects/tt-dfd/rtl/cla/dfd_cla_debug_signals_match.sv  
50e0badfa6b800237d0fa46ba9969eba  1      /proj_risc/user_dev/joeychen/projects/tt-dfd/rtl/cla/dfd_cla_debug_signals_ones_count.sv  
c2509ac61f0eaf7b5d89f075b4a28c36  1      /proj_risc/user_dev/joeychen/projects/tt-dfd/rtl/cla/dfd_cla_debug_signals_transition.sv  
b95217cff55ca1ca686ab5ad44e8c78b  1      /proj_risc/user_dev/joeychen/projects/tt-dfd/rtl/cla/dfd_cla_edge_detect.sv  
90c9daef30e4bd3c5e542f40f6d9f849  1      /proj_risc/user_dev/joeychen/projects/tt-dfd/rtl/cla/dfd_cla_event_gen.sv  
49cf8d114bfa98756a886c1269946858  1      /proj_risc/user_dev/joeychen/projects/tt-dfd/rtl/cla/dfd_cla_node_eap.sv  
89eeab7c70a511836b779b45975061f3  1      /proj_risc/user_dev/joeychen/projects/tt-dfd/rtl/cla/dfd_cla_node_eap_set.sv  
194956816fd076a94f01925415d2ab0b  1      /proj_risc/user_dev/joeychen/projects/tt-dfd/rtl/cla/dfd_core_logic_analyzer.sv  
a599e0121c6e4d22c70db17bbb088551  1      /proj_risc/user_dev/joeychen/projects/tt-dfd/rtl/cla/dfd_tt_debug_bus_mux.sv  
00f1bc1830d1b12406772c0e0559af59  1      /proj_risc/user_dev/joeychen/projects/tt-dfd/rtl/cla/dfd_xor_compression.sv  
efcf802035b68d02758cd918e4d0cd94  1      /proj_risc/user_dev/joeychen/projects/tt-dfd/rtl/cla/dfd_vlt_packet_compression.sv  
73ea084bd56c27fe3df3e806277dc970  1      /proj_risc/user_dev/joeychen/projects/tt-dfd/rtl/cla/dfd_dst_priority_mux.sv  
4fb31bf29b941d4e8d2003e9572ee749  1      /proj_risc/user_dev/joeychen/projects/tt-dfd/rtl/cla/dfd_debug_sig_trace_gen.sv  
b5aac39daef9c87f6404cd1bb790237f  1      /proj_risc/user_dev/joeychen/projects/tt-dfd/rtl/trace/dfd_trace_hop.sv  
c2ed6d879dadc7ac25165b835f5fa06d  1      /proj_risc/user_dev/joeychen/projects/tt-dfd/rtl/trace/dfd_accumulator_bank.sv  
786f1171bbbefc27bf296536cbc254e8  1      /proj_risc/user_dev/joeychen/projects/tt-dfd/rtl/trace/dfd_accumulator.sv  
7049e58baa94ead0cce22785438937c9  1      /proj_risc/user_dev/joeychen/projects/tt-dfd/rtl/trace/dfd_cross_connect.sv  
cd45392fb140e14d6a4a8c822549c5e3  1      /proj_risc/user_dev/joeychen/projects/tt-dfd/rtl/trace/dfd_frame_filler.sv  
09e9edf44a13712d38333961c0dc2df5  1      /proj_risc/user_dev/joeychen/projects/tt-dfd/rtl/trace/dfd_packetizer.sv  
54179c4a1abcf0cff0c3a2d8163de0e5  1      /proj_risc/user_dev/joeychen/projects/tt-dfd/rtl/trace/dfd_tnif.sv  
ebae7fb12e35f6cd9c516619280dd792  1      /proj_risc/user_dev/joeychen/projects/tt-dfd/rtl/trace/dfd_trace_axi_master.sv  
05c168e2c52a6bb6880186c53d226fd1  1      /proj_risc/user_dev/joeychen/projects/tt-dfd/rtl/trace/dfd_trace_network.sv  
777a45cdfe6b41e0e24d59646f5693ac  1      /proj_risc/user_dev/joeychen/projects/tt-dfd/rtl/trace/dfd_trace_sink.sv  
a3183cf2b95eed02c795d1e99e051eb3  1      /proj_risc/user_dev/joeychen/projects/tt-dfd/rtl/trace/dfd_te_mso.sv  
f412bd19579a7b494d0ccf0b837faac0  1      /proj_risc/user_dev/joeychen/projects/tt-dfd/rtl/trace/dfd_te_encoder.sv  
74a9a0e38ae5893b4d466f73e9b3e2ad  1      /proj_risc/user_dev/joeychen/projects/tt-dfd/rtl/trace/dfd_trace_mem_sink_generic.sv  
e22b2c7f3d2141ef79e27675f036550f  1      /proj_risc/user_dev/joeychen/projects/tt-dfd/rtl/trace/dfd_trace_mem.sv  
0ccde56d42eda548a46644b9d52f08eb  1      /proj_risc/user_dev/joeychen/projects/tt-dfd/rtl/trace/dfd_trace_funnel.sv  
03a529ebd58b9bac115053a3246d1507  1      /proj_risc/user_dev/joeychen/projects/tt-dfd/rtl/trace/dfd_trace_top.sv  
017d74e2b3bd154475a7953f8d1d5bb6  1      /proj_risc/user_dev/joeychen/projects/tt-dfd/rtl/dfd/dfd_mmrs.sv  
e85395fb06529f9c3bf0e5646161d7b2  1      /proj_risc/user_dev/joeychen/projects/tt-dfd/rtl/dfd/dfd_mux_sel.sv  
57bb96216f58fc7397e3d8566eddf29a  1      /proj_risc/user_dev/joeychen/projects/tt-dfd/rtl/dfd/dfd_unit.sv  
0847dab239ce0eddfbd0de0e0f3d7d2a  1      /proj_risc/user_dev/joeychen/projects/tt-dfd/rtl/dfd/dfd_apb2mmr.sv  
284d63eeb1540e2b19513e214bc11305  1      /proj_risc/user_dev/joeychen/projects/tt-dfd/rtl/dfd/dfd_time_sync.sv  
f076d522981fbc76238fbc29ef5d300b  1      /proj_risc/user_dev/joeychen/projects/tt-dfd/rtl/dfd/dfd_top.sv  
