################################################################################
#
# This file has been generated by SpyGlass:
#     Report Created by: joeychen
#     Report Created on: Wed Jun 17 18:46:57 2026
#     Working Directory: /proj_risc/user_dev/joeychen/projects/tt-dfd
#     Report Location  : lint/tt_dfd/dfd_top/lint/lint_rtl/spyglass_reports/SpyGlass/ignore_summary.rpt
#     SpyGlass Version : SpyGlass_vU-2023.03-SP1-1
#     Policy Name      : SpyGlass(SpyGlass_vU-2023.03-SP1-01)
#     Comment          : This report tells about the various ignorefile/ignoredu specifications given by user
#
################################################################################

Design units ignored by ignoredu/ignorefile options
++++++++++++++++++++++++++++++++++++++++++++++++++++++++++++++++++++++++++++++++

Object Name                     Object Type             Ignore specification
================================================================================
axi_chan_logger                 MODULE                  ignorefile     "deps/axi/src/axi_test.sv"


Files ignored by ignorefile options
++++++++++++++++++++++++++++++++++++++++++++++++++++++++++++++++++++++++++++++++

/proj_risc/user_dev/joeychen/projects/tt-dfd/deps/axi/src/axi_test.sv (ignorefile "deps/axi/src/axi_test.sv")


Unused ignorefile/ignoredu specification(s)
++++++++++++++++++++++++++++++++++++++++++++++++++++++++++++++++++++++++++++++++

