
################################################################################
#
# This file has been generated by SpyGlass:
#     Report Name      : waiver
#     Report Created by: joeychen
#     Report Created on:  Wed Jun 17 18:46:56 2026
#     Working Directory: /proj_risc/user_dev/joeychen/projects/tt-dfd
#     SpyGlass Version : SpyGlass_vU-2023.03-SP1-1
#     Policy Name      : SpyGlass(SpyGlass_vU-2023.03-SP1-01)
#                        clock-reset(SpyGlass_vU-2023.03-SP1-01)
#                        erc(SpyGlass_vU-2023.03-SP1-01)
#                        latch(SpyGlass_vU-2023.03-SP1-01)
#                        lint(SpyGlass_vU-2023.03-SP1-01)
#                        morelint(SpyGlass_vU-2023.03-SP1-01)
#                        openmore(SpyGlass_vU-2023.03-SP1-01)
#                        power_est(SpyGlass_vU-2023.03-SP1-01)
#                        simulation(SpyGlass_vU-2023.03-SP1-01)
#                        starc(SpyGlass_vU-2023.03-SP1-01)
#                        starc2005(SpyGlass_vU-2023.03-SP1-01)
#                        txv(SpyGlass_vU-2023.03-SP1-01)
#
#     Total Number of Generated Messages :       8589
#     Number of Waived Messages          :         56
#     Number of Reported Messages        :       8533
#     Number of Overlimit Messages       :          0
#
#     Total Number of Waivers                            :         13
#     Number of Waivers Applied                          :         13
#     Number of Waivers with Regex and/or wildcard       :          3
#     Number of Waivers with -rule                       :         13
#     Number of Waivers with line number and/or file info:         13
#     Number of Waive -IP commands                       :          0
#
#
################################################################################

WAIVER REPORT:
+++++++++++++++++++++++++++++++++++++++++++++++++++++++++++++++++++++++++++++++

Design Issues Waiver Report
+++++++++++++++++++++++++++++++++++++++++++++++++++++++++++++++++++++++++++++++

Waiver comment : RTL_PRAGMA: Waiver pragma in HDL source
waive -file_line q%/proj_risc/user_dev/joeychen/projects/tt-dfd/rtl/trace/dfd_trace_mem_sink_generic.sv% 83 \
      -rule "W287a" 
#spg_backref : "lint/tt_dfd/dfd_top/lint/lint_rtl/spyglass_spysch/waiver/pragma2Waiver.swl" 16

8 message(s) waived:
===============================================================================
Index    Rule  Severity File                                                                                 Line Wt Message
===============================================================================
[1FF9]   W287a Warning  /proj_risc/user_dev/joeychen/projects/tt-dfd/rtl/trace/dfd_trace_mem_sink_generic.sv 83   5  Input 'i_mem_scan_enable' of instance 'TrcSinkRam' is unconnected.[Hierarchy: ':dfd_top:\trace_top_gen_blk.u_trace_top @dfd_trace_top:trace_mem_inst@dfd_trace_mem:sink_mem@dfd_trace_mem_sink']
[2000]   W287a Warning  /proj_risc/user_dev/joeychen/projects/tt-dfd/rtl/trace/dfd_trace_mem_sink_generic.sv 83   5  Input 'i_mem_scan_enable' of instance 'TrcSinkRam' is unconnected.[Hierarchy: ':dfd_top:\trace_top_gen_blk.u_trace_top @dfd_trace_top:trace_mem_inst@dfd_trace_mem:sink_mem@dfd_trace_mem_sink']
[2007]   W287a Warning  /proj_risc/user_dev/joeychen/projects/tt-dfd/rtl/trace/dfd_trace_mem_sink_generic.sv 83   5  Input 'i_mem_scan_enable' of instance 'TrcSinkRam' is unconnected.[Hierarchy: ':dfd_top:\trace_top_gen_blk.u_trace_top @dfd_trace_top:trace_mem_inst@dfd_trace_mem:sink_mem@dfd_trace_mem_sink']
[200E]   W287a Warning  /proj_risc/user_dev/joeychen/projects/tt-dfd/rtl/trace/dfd_trace_mem_sink_generic.sv 83   5  Input 'i_mem_scan_enable' of instance 'TrcSinkRam' is unconnected.[Hierarchy: ':dfd_top:\trace_top_gen_blk.u_trace_top @dfd_trace_top:trace_mem_inst@dfd_trace_mem:sink_mem@dfd_trace_mem_sink']
[2015]   W287a Warning  /proj_risc/user_dev/joeychen/projects/tt-dfd/rtl/trace/dfd_trace_mem_sink_generic.sv 83   5  Input 'i_mem_scan_enable' of instance 'TrcSinkRam' is unconnected.[Hierarchy: ':dfd_top:\trace_top_gen_blk.u_trace_top @dfd_trace_top:trace_mem_inst@dfd_trace_mem:sink_mem@dfd_trace_mem_sink']
[201C]   W287a Warning  /proj_risc/user_dev/joeychen/projects/tt-dfd/rtl/trace/dfd_trace_mem_sink_generic.sv 83   5  Input 'i_mem_scan_enable' of instance 'TrcSinkRam' is unconnected.[Hierarchy: ':dfd_top:\trace_top_gen_blk.u_trace_top @dfd_trace_top:trace_mem_inst@dfd_trace_mem:sink_mem@dfd_trace_mem_sink']
[2023]   W287a Warning  /proj_risc/user_dev/joeychen/projects/tt-dfd/rtl/trace/dfd_trace_mem_sink_generic.sv 83   5  Input 'i_mem_scan_enable' of instance 'TrcSinkRam' is unconnected.[Hierarchy: ':dfd_top:\trace_top_gen_blk.u_trace_top @dfd_trace_top:trace_mem_inst@dfd_trace_mem:sink_mem@dfd_trace_mem_sink']
[202A]   W287a Warning  /proj_risc/user_dev/joeychen/projects/tt-dfd/rtl/trace/dfd_trace_mem_sink_generic.sv 83   5  Input 'i_mem_scan_enable' of instance 'TrcSinkRam' is unconnected.[Hierarchy: ':dfd_top:\trace_top_gen_blk.u_trace_top @dfd_trace_top:trace_mem_inst@dfd_trace_mem:sink_mem@dfd_trace_mem_sink']
===============================================================================

Waiver comment : RTL_PRAGMA: Waiver pragma in HDL source
waive -file_line q%/proj_risc/user_dev/joeychen/projects/tt-dfd/rtl/trace/dfd_trace_mem_sink_generic.sv% 84 \
      -rule "W287a" 
#spg_backref : "lint/tt_dfd/dfd_top/lint/lint_rtl/spyglass_spysch/waiver/pragma2Waiver.swl" 17

8 message(s) waived:
===============================================================================
Index    Rule  Severity File                                                                                 Line Wt Message
===============================================================================
[1FFA]   W287a Warning  /proj_risc/user_dev/joeychen/projects/tt-dfd/rtl/trace/dfd_trace_mem_sink_generic.sv 84   5  Input 'i_mem_scan_in_left' of instance 'TrcSinkRam' is unconnected.[Hierarchy: ':dfd_top:\trace_top_gen_blk.u_trace_top @dfd_trace_top:trace_mem_inst@dfd_trace_mem:sink_mem@dfd_trace_mem_sink']
[2001]   W287a Warning  /proj_risc/user_dev/joeychen/projects/tt-dfd/rtl/trace/dfd_trace_mem_sink_generic.sv 84   5  Input 'i_mem_scan_in_left' of instance 'TrcSinkRam' is unconnected.[Hierarchy: ':dfd_top:\trace_top_gen_blk.u_trace_top @dfd_trace_top:trace_mem_inst@dfd_trace_mem:sink_mem@dfd_trace_mem_sink']
[2008]   W287a Warning  /proj_risc/user_dev/joeychen/projects/tt-dfd/rtl/trace/dfd_trace_mem_sink_generic.sv 84   5  Input 'i_mem_scan_in_left' of instance 'TrcSinkRam' is unconnected.[Hierarchy: ':dfd_top:\trace_top_gen_blk.u_trace_top @dfd_trace_top:trace_mem_inst@dfd_trace_mem:sink_mem@dfd_trace_mem_sink']
[200F]   W287a Warning  /proj_risc/user_dev/joeychen/projects/tt-dfd/rtl/trace/dfd_trace_mem_sink_generic.sv 84   5  Input 'i_mem_scan_in_left' of instance 'TrcSinkRam' is unconnected.[Hierarchy: ':dfd_top:\trace_top_gen_blk.u_trace_top @dfd_trace_top:trace_mem_inst@dfd_trace_mem:sink_mem@dfd_trace_mem_sink']
[2016]   W287a Warning  /proj_risc/user_dev/joeychen/projects/tt-dfd/rtl/trace/dfd_trace_mem_sink_generic.sv 84   5  Input 'i_mem_scan_in_left' of instance 'TrcSinkRam' is unconnected.[Hierarchy: ':dfd_top:\trace_top_gen_blk.u_trace_top @dfd_trace_top:trace_mem_inst@dfd_trace_mem:sink_mem@dfd_trace_mem_sink']
[201D]   W287a Warning  /proj_risc/user_dev/joeychen/projects/tt-dfd/rtl/trace/dfd_trace_mem_sink_generic.sv 84   5  Input 'i_mem_scan_in_left' of instance 'TrcSinkRam' is unconnected.[Hierarchy: ':dfd_top:\trace_top_gen_blk.u_trace_top @dfd_trace_top:trace_mem_inst@dfd_trace_mem:sink_mem@dfd_trace_mem_sink']
[2024]   W287a Warning  /proj_risc/user_dev/joeychen/projects/tt-dfd/rtl/trace/dfd_trace_mem_sink_generic.sv 84   5  Input 'i_mem_scan_in_left' of instance 'TrcSinkRam' is unconnected.[Hierarchy: ':dfd_top:\trace_top_gen_blk.u_trace_top @dfd_trace_top:trace_mem_inst@dfd_trace_mem:sink_mem@dfd_trace_mem_sink']
[202B]   W287a Warning  /proj_risc/user_dev/joeychen/projects/tt-dfd/rtl/trace/dfd_trace_mem_sink_generic.sv 84   5  Input 'i_mem_scan_in_left' of instance 'TrcSinkRam' is unconnected.[Hierarchy: ':dfd_top:\trace_top_gen_blk.u_trace_top @dfd_trace_top:trace_mem_inst@dfd_trace_mem:sink_mem@dfd_trace_mem_sink']
===============================================================================

Waiver comment : RTL_PRAGMA: Waiver pragma in HDL source
waive -file_line q%/proj_risc/user_dev/joeychen/projects/tt-dfd/rtl/trace/dfd_trace_mem_sink_generic.sv% 85 \
      -rule "W287a" 
#spg_backref : "lint/tt_dfd/dfd_top/lint/lint_rtl/spyglass_spysch/waiver/pragma2Waiver.swl" 18

8 message(s) waived:
===============================================================================
Index    Rule  Severity File                                                                                 Line Wt Message
===============================================================================
[1FFB]   W287a Warning  /proj_risc/user_dev/joeychen/projects/tt-dfd/rtl/trace/dfd_trace_mem_sink_generic.sv 85   5  Input 'i_mem_scan_in_right' of instance 'TrcSinkRam' is unconnected.[Hierarchy: ':dfd_top:\trace_top_gen_blk.u_trace_top @dfd_trace_top:trace_mem_inst@dfd_trace_mem:sink_mem@dfd_trace_mem_sink']
[2002]   W287a Warning  /proj_risc/user_dev/joeychen/projects/tt-dfd/rtl/trace/dfd_trace_mem_sink_generic.sv 85   5  Input 'i_mem_scan_in_right' of instance 'TrcSinkRam' is unconnected.[Hierarchy: ':dfd_top:\trace_top_gen_blk.u_trace_top @dfd_trace_top:trace_mem_inst@dfd_trace_mem:sink_mem@dfd_trace_mem_sink']
[2009]   W287a Warning  /proj_risc/user_dev/joeychen/projects/tt-dfd/rtl/trace/dfd_trace_mem_sink_generic.sv 85   5  Input 'i_mem_scan_in_right' of instance 'TrcSinkRam' is unconnected.[Hierarchy: ':dfd_top:\trace_top_gen_blk.u_trace_top @dfd_trace_top:trace_mem_inst@dfd_trace_mem:sink_mem@dfd_trace_mem_sink']
[2010]   W287a Warning  /proj_risc/user_dev/joeychen/projects/tt-dfd/rtl/trace/dfd_trace_mem_sink_generic.sv 85   5  Input 'i_mem_scan_in_right' of instance 'TrcSinkRam' is unconnected.[Hierarchy: ':dfd_top:\trace_top_gen_blk.u_trace_top @dfd_trace_top:trace_mem_inst@dfd_trace_mem:sink_mem@dfd_trace_mem_sink']
[2017]   W287a Warning  /proj_risc/user_dev/joeychen/projects/tt-dfd/rtl/trace/dfd_trace_mem_sink_generic.sv 85   5  Input 'i_mem_scan_in_right' of instance 'TrcSinkRam' is unconnected.[Hierarchy: ':dfd_top:\trace_top_gen_blk.u_trace_top @dfd_trace_top:trace_mem_inst@dfd_trace_mem:sink_mem@dfd_trace_mem_sink']
[201E]   W287a Warning  /proj_risc/user_dev/joeychen/projects/tt-dfd/rtl/trace/dfd_trace_mem_sink_generic.sv 85   5  Input 'i_mem_scan_in_right' of instance 'TrcSinkRam' is unconnected.[Hierarchy: ':dfd_top:\trace_top_gen_blk.u_trace_top @dfd_trace_top:trace_mem_inst@dfd_trace_mem:sink_mem@dfd_trace_mem_sink']
[2025]   W287a Warning  /proj_risc/user_dev/joeychen/projects/tt-dfd/rtl/trace/dfd_trace_mem_sink_generic.sv 85   5  Input 'i_mem_scan_in_right' of instance 'TrcSinkRam' is unconnected.[Hierarchy: ':dfd_top:\trace_top_gen_blk.u_trace_top @dfd_trace_top:trace_mem_inst@dfd_trace_mem:sink_mem@dfd_trace_mem_sink']
[202C]   W287a Warning  /proj_risc/user_dev/joeychen/projects/tt-dfd/rtl/trace/dfd_trace_mem_sink_generic.sv 85   5  Input 'i_mem_scan_in_right' of instance 'TrcSinkRam' is unconnected.[Hierarchy: ':dfd_top:\trace_top_gen_blk.u_trace_top @dfd_trace_top:trace_mem_inst@dfd_trace_mem:sink_mem@dfd_trace_mem_sink']
===============================================================================

Waiver comment : RTL_PRAGMA: Waiver pragma in HDL source
waive -file_line q%/proj_risc/user_dev/joeychen/projects/tt-dfd/rtl/trace/dfd_trace_mem_sink_generic.sv% 79 \
      -rule "W287a" 
#spg_backref : "lint/tt_dfd/dfd_top/lint/lint_rtl/spyglass_spysch/waiver/pragma2Waiver.swl" 12

8 message(s) waived:
===============================================================================
Index    Rule  Severity File                                                                                 Line Wt Message
===============================================================================
[1FF5]   W287a Warning  /proj_risc/user_dev/joeychen/projects/tt-dfd/rtl/trace/dfd_trace_mem_sink_generic.sv 79   5  Input 'i_reg_mem_shut_down_mode' of instance 'TrcSinkRam' is unconnected.[Hierarchy: ':dfd_top:\trace_top_gen_blk.u_trace_top @dfd_trace_top:trace_mem_inst@dfd_trace_mem:sink_mem@dfd_trace_mem_sink']
[1FFC]   W287a Warning  /proj_risc/user_dev/joeychen/projects/tt-dfd/rtl/trace/dfd_trace_mem_sink_generic.sv 79   5  Input 'i_reg_mem_shut_down_mode' of instance 'TrcSinkRam' is unconnected.[Hierarchy: ':dfd_top:\trace_top_gen_blk.u_trace_top @dfd_trace_top:trace_mem_inst@dfd_trace_mem:sink_mem@dfd_trace_mem_sink']
[2003]   W287a Warning  /proj_risc/user_dev/joeychen/projects/tt-dfd/rtl/trace/dfd_trace_mem_sink_generic.sv 79   5  Input 'i_reg_mem_shut_down_mode' of instance 'TrcSinkRam' is unconnected.[Hierarchy: ':dfd_top:\trace_top_gen_blk.u_trace_top @dfd_trace_top:trace_mem_inst@dfd_trace_mem:sink_mem@dfd_trace_mem_sink']
[200A]   W287a Warning  /proj_risc/user_dev/joeychen/projects/tt-dfd/rtl/trace/dfd_trace_mem_sink_generic.sv 79   5  Input 'i_reg_mem_shut_down_mode' of instance 'TrcSinkRam' is unconnected.[Hierarchy: ':dfd_top:\trace_top_gen_blk.u_trace_top @dfd_trace_top:trace_mem_inst@dfd_trace_mem:sink_mem@dfd_trace_mem_sink']
[2011]   W287a Warning  /proj_risc/user_dev/joeychen/projects/tt-dfd/rtl/trace/dfd_trace_mem_sink_generic.sv 79   5  Input 'i_reg_mem_shut_down_mode' of instance 'TrcSinkRam' is unconnected.[Hierarchy: ':dfd_top:\trace_top_gen_blk.u_trace_top @dfd_trace_top:trace_mem_inst@dfd_trace_mem:sink_mem@dfd_trace_mem_sink']
[2018]   W287a Warning  /proj_risc/user_dev/joeychen/projects/tt-dfd/rtl/trace/dfd_trace_mem_sink_generic.sv 79   5  Input 'i_reg_mem_shut_down_mode' of instance 'TrcSinkRam' is unconnected.[Hierarchy: ':dfd_top:\trace_top_gen_blk.u_trace_top @dfd_trace_top:trace_mem_inst@dfd_trace_mem:sink_mem@dfd_trace_mem_sink']
[201F]   W287a Warning  /proj_risc/user_dev/joeychen/projects/tt-dfd/rtl/trace/dfd_trace_mem_sink_generic.sv 79   5  Input 'i_reg_mem_shut_down_mode' of instance 'TrcSinkRam' is unconnected.[Hierarchy: ':dfd_top:\trace_top_gen_blk.u_trace_top @dfd_trace_top:trace_mem_inst@dfd_trace_mem:sink_mem@dfd_trace_mem_sink']
[2026]   W287a Warning  /proj_risc/user_dev/joeychen/projects/tt-dfd/rtl/trace/dfd_trace_mem_sink_generic.sv 79   5  Input 'i_reg_mem_shut_down_mode' of instance 'TrcSinkRam' is unconnected.[Hierarchy: ':dfd_top:\trace_top_gen_blk.u_trace_top @dfd_trace_top:trace_mem_inst@dfd_trace_mem:sink_mem@dfd_trace_mem_sink']
===============================================================================

Waiver comment : RTL_PRAGMA: Waiver pragma in HDL source
waive -file_line q%/proj_risc/user_dev/joeychen/projects/tt-dfd/rtl/trace/dfd_trace_mem_sink_generic.sv% 80 \
      -rule "W287a" 
#spg_backref : "lint/tt_dfd/dfd_top/lint/lint_rtl/spyglass_spysch/waiver/pragma2Waiver.swl" 13

8 message(s) waived:
===============================================================================
Index    Rule  Severity File                                                                                 Line Wt Message
===============================================================================
[1FF6]   W287a Warning  /proj_risc/user_dev/joeychen/projects/tt-dfd/rtl/trace/dfd_trace_mem_sink_generic.sv 80   5  Input 'i_reg_mem_deep_sleep_mode' of instance 'TrcSinkRam' is unconnected.[Hierarchy: ':dfd_top:\trace_top_gen_blk.u_trace_top @dfd_trace_top:trace_mem_inst@dfd_trace_mem:sink_mem@dfd_trace_mem_sink']
[1FFD]   W287a Warning  /proj_risc/user_dev/joeychen/projects/tt-dfd/rtl/trace/dfd_trace_mem_sink_generic.sv 80   5  Input 'i_reg_mem_deep_sleep_mode' of instance 'TrcSinkRam' is unconnected.[Hierarchy: ':dfd_top:\trace_top_gen_blk.u_trace_top @dfd_trace_top:trace_mem_inst@dfd_trace_mem:sink_mem@dfd_trace_mem_sink']
[2004]   W287a Warning  /proj_risc/user_dev/joeychen/projects/tt-dfd/rtl/trace/dfd_trace_mem_sink_generic.sv 80   5  Input 'i_reg_mem_deep_sleep_mode' of instance 'TrcSinkRam' is unconnected.[Hierarchy: ':dfd_top:\trace_top_gen_blk.u_trace_top @dfd_trace_top:trace_mem_inst@dfd_trace_mem:sink_mem@dfd_trace_mem_sink']
[200B]   W287a Warning  /proj_risc/user_dev/joeychen/projects/tt-dfd/rtl/trace/dfd_trace_mem_sink_generic.sv 80   5  Input 'i_reg_mem_deep_sleep_mode' of instance 'TrcSinkRam' is unconnected.[Hierarchy: ':dfd_top:\trace_top_gen_blk.u_trace_top @dfd_trace_top:trace_mem_inst@dfd_trace_mem:sink_mem@dfd_trace_mem_sink']
[2012]   W287a Warning  /proj_risc/user_dev/joeychen/projects/tt-dfd/rtl/trace/dfd_trace_mem_sink_generic.sv 80   5  Input 'i_reg_mem_deep_sleep_mode' of instance 'TrcSinkRam' is unconnected.[Hierarchy: ':dfd_top:\trace_top_gen_blk.u_trace_top @dfd_trace_top:trace_mem_inst@dfd_trace_mem:sink_mem@dfd_trace_mem_sink']
[2019]   W287a Warning  /proj_risc/user_dev/joeychen/projects/tt-dfd/rtl/trace/dfd_trace_mem_sink_generic.sv 80   5  Input 'i_reg_mem_deep_sleep_mode' of instance 'TrcSinkRam' is unconnected.[Hierarchy: ':dfd_top:\trace_top_gen_blk.u_trace_top @dfd_trace_top:trace_mem_inst@dfd_trace_mem:sink_mem@dfd_trace_mem_sink']
[2020]   W287a Warning  /proj_risc/user_dev/joeychen/projects/tt-dfd/rtl/trace/dfd_trace_mem_sink_generic.sv 80   5  Input 'i_reg_mem_deep_sleep_mode' of instance 'TrcSinkRam' is unconnected.[Hierarchy: ':dfd_top:\trace_top_gen_blk.u_trace_top @dfd_trace_top:trace_mem_inst@dfd_trace_mem:sink_mem@dfd_trace_mem_sink']
[2027]   W287a Warning  /proj_risc/user_dev/joeychen/projects/tt-dfd/rtl/trace/dfd_trace_mem_sink_generic.sv 80   5  Input 'i_reg_mem_deep_sleep_mode' of instance 'TrcSinkRam' is unconnected.[Hierarchy: ':dfd_top:\trace_top_gen_blk.u_trace_top @dfd_trace_top:trace_mem_inst@dfd_trace_mem:sink_mem@dfd_trace_mem_sink']
===============================================================================

Waiver comment : RTL_PRAGMA: Waiver pragma in HDL source
waive -file_line q%/proj_risc/user_dev/joeychen/projects/tt-dfd/rtl/trace/dfd_trace_mem_sink_generic.sv% 81 \
      -rule "W287a" 
#spg_backref : "lint/tt_dfd/dfd_top/lint/lint_rtl/spyglass_spysch/waiver/pragma2Waiver.swl" 14

8 message(s) waived:
===============================================================================
Index    Rule  Severity File                                                                                 Line Wt Message
===============================================================================
[1FF7]   W287a Warning  /proj_risc/user_dev/joeychen/projects/tt-dfd/rtl/trace/dfd_trace_mem_sink_generic.sv 81   5  Input 'i_reg_mem_diode_bypass_mode' of instance 'TrcSinkRam' is unconnected.[Hierarchy: ':dfd_top:\trace_top_gen_blk.u_trace_top @dfd_trace_top:trace_mem_inst@dfd_trace_mem:sink_mem@dfd_trace_mem_sink']
[1FFE]   W287a Warning  /proj_risc/user_dev/joeychen/projects/tt-dfd/rtl/trace/dfd_trace_mem_sink_generic.sv 81   5  Input 'i_reg_mem_diode_bypass_mode' of instance 'TrcSinkRam' is unconnected.[Hierarchy: ':dfd_top:\trace_top_gen_blk.u_trace_top @dfd_trace_top:trace_mem_inst@dfd_trace_mem:sink_mem@dfd_trace_mem_sink']
[2005]   W287a Warning  /proj_risc/user_dev/joeychen/projects/tt-dfd/rtl/trace/dfd_trace_mem_sink_generic.sv 81   5  Input 'i_reg_mem_diode_bypass_mode' of instance 'TrcSinkRam' is unconnected.[Hierarchy: ':dfd_top:\trace_top_gen_blk.u_trace_top @dfd_trace_top:trace_mem_inst@dfd_trace_mem:sink_mem@dfd_trace_mem_sink']
[200C]   W287a Warning  /proj_risc/user_dev/joeychen/projects/tt-dfd/rtl/trace/dfd_trace_mem_sink_generic.sv 81   5  Input 'i_reg_mem_diode_bypass_mode' of instance 'TrcSinkRam' is unconnected.[Hierarchy: ':dfd_top:\trace_top_gen_blk.u_trace_top @dfd_trace_top:trace_mem_inst@dfd_trace_mem:sink_mem@dfd_trace_mem_sink']
[2013]   W287a Warning  /proj_risc/user_dev/joeychen/projects/tt-dfd/rtl/trace/dfd_trace_mem_sink_generic.sv 81   5  Input 'i_reg_mem_diode_bypass_mode' of instance 'TrcSinkRam' is unconnected.[Hierarchy: ':dfd_top:\trace_top_gen_blk.u_trace_top @dfd_trace_top:trace_mem_inst@dfd_trace_mem:sink_mem@dfd_trace_mem_sink']
[201A]   W287a Warning  /proj_risc/user_dev/joeychen/projects/tt-dfd/rtl/trace/dfd_trace_mem_sink_generic.sv 81   5  Input 'i_reg_mem_diode_bypass_mode' of instance 'TrcSinkRam' is unconnected.[Hierarchy: ':dfd_top:\trace_top_gen_blk.u_trace_top @dfd_trace_top:trace_mem_inst@dfd_trace_mem:sink_mem@dfd_trace_mem_sink']
[2021]   W287a Warning  /proj_risc/user_dev/joeychen/projects/tt-dfd/rtl/trace/dfd_trace_mem_sink_generic.sv 81   5  Input 'i_reg_mem_diode_bypass_mode' of instance 'TrcSinkRam' is unconnected.[Hierarchy: ':dfd_top:\trace_top_gen_blk.u_trace_top @dfd_trace_top:trace_mem_inst@dfd_trace_mem:sink_mem@dfd_trace_mem_sink']
[2028]   W287a Warning  /proj_risc/user_dev/joeychen/projects/tt-dfd/rtl/trace/dfd_trace_mem_sink_generic.sv 81   5  Input 'i_reg_mem_diode_bypass_mode' of instance 'TrcSinkRam' is unconnected.[Hierarchy: ':dfd_top:\trace_top_gen_blk.u_trace_top @dfd_trace_top:trace_mem_inst@dfd_trace_mem:sink_mem@dfd_trace_mem_sink']
===============================================================================

Waiver comment : RTL_PRAGMA: Waiver pragma in HDL source
waive -file_line q%/proj_risc/user_dev/joeychen/projects/tt-dfd/rtl/trace/dfd_trace_mem_sink_generic.sv% 82 \
      -rule "W287a" 
#spg_backref : "lint/tt_dfd/dfd_top/lint/lint_rtl/spyglass_spysch/waiver/pragma2Waiver.swl" 15

8 message(s) waived:
===============================================================================
Index    Rule  Severity File                                                                                 Line Wt Message
===============================================================================
[1FF8]   W287a Warning  /proj_risc/user_dev/joeychen/projects/tt-dfd/rtl/trace/dfd_trace_mem_sink_generic.sv 82   5  Input 'i_mem_dft_bypass_enable' of instance 'TrcSinkRam' is unconnected.[Hierarchy: ':dfd_top:\trace_top_gen_blk.u_trace_top @dfd_trace_top:trace_mem_inst@dfd_trace_mem:sink_mem@dfd_trace_mem_sink']
[1FFF]   W287a Warning  /proj_risc/user_dev/joeychen/projects/tt-dfd/rtl/trace/dfd_trace_mem_sink_generic.sv 82   5  Input 'i_mem_dft_bypass_enable' of instance 'TrcSinkRam' is unconnected.[Hierarchy: ':dfd_top:\trace_top_gen_blk.u_trace_top @dfd_trace_top:trace_mem_inst@dfd_trace_mem:sink_mem@dfd_trace_mem_sink']
[2006]   W287a Warning  /proj_risc/user_dev/joeychen/projects/tt-dfd/rtl/trace/dfd_trace_mem_sink_generic.sv 82   5  Input 'i_mem_dft_bypass_enable' of instance 'TrcSinkRam' is unconnected.[Hierarchy: ':dfd_top:\trace_top_gen_blk.u_trace_top @dfd_trace_top:trace_mem_inst@dfd_trace_mem:sink_mem@dfd_trace_mem_sink']
[200D]   W287a Warning  /proj_risc/user_dev/joeychen/projects/tt-dfd/rtl/trace/dfd_trace_mem_sink_generic.sv 82   5  Input 'i_mem_dft_bypass_enable' of instance 'TrcSinkRam' is unconnected.[Hierarchy: ':dfd_top:\trace_top_gen_blk.u_trace_top @dfd_trace_top:trace_mem_inst@dfd_trace_mem:sink_mem@dfd_trace_mem_sink']
[2014]   W287a Warning  /proj_risc/user_dev/joeychen/projects/tt-dfd/rtl/trace/dfd_trace_mem_sink_generic.sv 82   5  Input 'i_mem_dft_bypass_enable' of instance 'TrcSinkRam' is unconnected.[Hierarchy: ':dfd_top:\trace_top_gen_blk.u_trace_top @dfd_trace_top:trace_mem_inst@dfd_trace_mem:sink_mem@dfd_trace_mem_sink']
[201B]   W287a Warning  /proj_risc/user_dev/joeychen/projects/tt-dfd/rtl/trace/dfd_trace_mem_sink_generic.sv 82   5  Input 'i_mem_dft_bypass_enable' of instance 'TrcSinkRam' is unconnected.[Hierarchy: ':dfd_top:\trace_top_gen_blk.u_trace_top @dfd_trace_top:trace_mem_inst@dfd_trace_mem:sink_mem@dfd_trace_mem_sink']
[2022]   W287a Warning  /proj_risc/user_dev/joeychen/projects/tt-dfd/rtl/trace/dfd_trace_mem_sink_generic.sv 82   5  Input 'i_mem_dft_bypass_enable' of instance 'TrcSinkRam' is unconnected.[Hierarchy: ':dfd_top:\trace_top_gen_blk.u_trace_top @dfd_trace_top:trace_mem_inst@dfd_trace_mem:sink_mem@dfd_trace_mem_sink']
[2029]   W287a Warning  /proj_risc/user_dev/joeychen/projects/tt-dfd/rtl/trace/dfd_trace_mem_sink_generic.sv 82   5  Input 'i_mem_dft_bypass_enable' of instance 'TrcSinkRam' is unconnected.[Hierarchy: ':dfd_top:\trace_top_gen_blk.u_trace_top @dfd_trace_top:trace_mem_inst@dfd_trace_mem:sink_mem@dfd_trace_mem_sink']
===============================================================================

===============================================================================
Design Issues Waivers Waiving Zero Violations
===============================================================================
Waiver comment : Raises error in enhanced lint
waive -regexp 1 \
      -file m%rand_id_queue.sv% \
      -rule m%AutomaticFuncTask-ML% 
#spg_backref : "lint/dfd_top_waiver_file.awl" 4

Waiver comment : RTL_PRAGMA: Waiver pragma in HDL source
waive -file_line q%/proj_risc/user_dev/joeychen/projects/tt-dfd/rtl/trace/dfd_trace_mem_sink_generic.sv% 86 \
      -rule "W287a" 
#spg_backref : "lint/tt_dfd/dfd_top/lint/lint_rtl/spyglass_spysch/waiver/pragma2Waiver.swl" 19

Waiver comment : Raises error in enhanced lint
waive -regexp 1 \
      -file m%axi_id_prepend.sv% \
      -rule m%W164b% 
#spg_backref : "lint/dfd_top_waiver_file.awl" 5

Waiver comment : Raises error in enhanced lint
waive -regexp 1 \
      -file m%ecc_pkg.sv% \
      -rule m%W416% 
#spg_backref : "lint/dfd_top_waiver_file.awl" 6

Waiver comment : RTL_PRAGMA: Waiver pragma in HDL source
waive -file_lineblock q%/proj_risc/user_dev/joeychen/projects/tt-dfd/rtl/common/tt_dfd_generic_fifoMN.sv% 96 98 \
      -rule q%ImproperRangeIndex-ML% 
#spg_backref : "lint/tt_dfd/dfd_top/lint/lint_rtl/spyglass_spysch/waiver/pragma2Waiver.swl" 10

Waiver comment : RTL_PRAGMA: Waiver pragma in HDL source
waive -file_lineblock q%/proj_risc/user_dev/joeychen/projects/tt-dfd/rtl/common/tt_dfd_generic_fifoMN.sv% 122 128 \
      -rule q%ImproperRangeIndex-ML% 
#spg_backref : "lint/tt_dfd/dfd_top/lint/lint_rtl/spyglass_spysch/waiver/pragma2Waiver.swl" 11

===============================================================================

